<?xml version="1.0" encoding="UTF-8"?>
<!-- Generated by org.testng.reporters.JUnitXMLReporter -->
<testsuite hostname="LAPTOP-NHVQ9FOC" ignored="0" name="Test" tests="1" failures="1" timestamp="09 May 2019 06:39:28 GMT" time="28.76" errors="0">
  <testcase name="createCustomerTest" time="1.808" classname="com.actitime.customertest.CustomerTest1">
    <failure type="java.lang.ClassCastException" message="org.openqa.selenium.remote.RemoteWebElement cannot be cast to org.openqa.selenium.By">
      <![CDATA[java.lang.ClassCastException: org.openqa.selenium.remote.RemoteWebElement cannot be cast to org.openqa.selenium.By
at com.actitime.genericLib.WebDriverCommonLib.waitForElementToLoad(WebDriverCommonLib.java:33)
at com.actitime.customertest.CustomerTest1.createCustomerTest(CustomerTest1.java:15)
... Removed 25 stack frames]]>
    </failure>
  </testcase> <!-- createCustomerTest -->
</testsuite> <!-- Test -->
